Log entry
Log entry
Log entry
Log entry
Log entry
2025-10-16T05:35:02.665Z - POST /api/register
2025-10-16T05:36:48.946Z - POST /api/register
2025-10-16T05:37:07.385Z - POST /api/register
2025-10-16T05:39:11.224Z - POST /api/register
2025-10-16T05:43:08.317Z - POST /api/register
2025-10-16T05:43:51.124Z - POST /api/register
2025-10-16T05:45:04.829Z - POST /api/register
2025-10-16T05:46:23.626Z - POST /api/register
2025-10-16T05:47:37.417Z - POST /api/register
2025-10-16T05:48:25.437Z - POST /api/register
2025-10-16T05:49:13.257Z - POST /api/register
2025-10-16T05:49:41.200Z - POST /api/offices
2025-10-16T05:49:51.011Z - GET /api/offices
2025-10-16T05:50:12.376Z - POST /api/register
2025-10-16T05:50:52.510Z - POST /api/register
2025-10-16T06:03:29.016Z - POST /api/users/login
2025-10-16T06:07:32.643Z - POST /api/users/login
2025-10-16T06:07:39.077Z - POST /api/login
2025-10-16T06:11:43.873Z - POST /api/login
2025-10-16T06:11:50.038Z - POST /api/register
2025-10-16T06:11:57.127Z - POST /api/register
2025-10-16T06:12:17.388Z - POST /api/login
2025-10-16T06:12:43.663Z - POST /api/offices
2025-10-16T06:13:28.950Z - POST /api/offices
2025-10-16T06:13:43.146Z - GET /api/offices-list
2025-10-16T06:14:11.224Z - GET /api/offices-list
2025-10-16T06:15:44.629Z - GET /api/offices-list
2025-10-16T06:15:53.381Z - GET /api/hardware
2025-10-16T06:16:09.612Z - GET /api/hardware
2025-10-16T06:16:47.794Z - GET /api/offices-list
2025-10-16T06:19:25.312Z - GET /api/offices-list
2025-10-16T06:19:38.762Z - POST /api/register
2025-10-16T06:23:38.620Z - POST /api/register
2025-10-16T06:23:51.884Z - GET /api/offices-list
2025-10-16T06:24:20.952Z - POST /api/offices
2025-10-16T06:25:39.307Z - POST /api/offices
2025-10-16T06:26:21.920Z - POST /api/offices
2025-10-16T06:26:28.262Z - GET /api/offices-list
2025-10-16T06:29:32.522Z - GET /api/offices-list
2025-10-16T06:30:15.459Z - GET /api/offices-list
2025-10-16T06:30:25.467Z - GET /api/offices-list
2025-10-16T06:31:40.432Z - GET /api/offices-list
2025-10-16T06:31:46.924Z - GET /api/offices-list
2025-10-16T06:32:08.864Z - GET /api/offices-list
2025-10-16T06:32:13.188Z - GET /api/hardware
2025-10-16T06:32:28.005Z - GET /api/offices-list
2025-10-16T06:33:36.962Z - GET /api/offices-list
2025-10-16T06:34:31.026Z - GET /api/officeslist
2025-10-16T06:34:47.830Z - GET /api/officeslist
2025-10-16T06:35:23.925Z - POST /api/offices
2025-10-16T06:37:58.821Z - GET /api/officeslist
2025-10-16T06:38:24.053Z - GET /api/officeslist
2025-10-16T06:39:25.984Z - GET /api/officeslist
2025-10-16T06:39:43.285Z - GET /api/officeslist
2025-10-16T06:39:58.105Z - GET /api/officeslist
2025-10-16T06:39:58.134Z - GET /favicon.ico
2025-10-16T06:40:36.373Z - GET /api/officeslist
2025-10-16T06:40:55.798Z - GET /api/officeslist
2025-10-16T06:41:05.847Z - GET /api/officeslist
2025-10-16T06:42:07.078Z - GET /api/officeslist
2025-10-16T06:43:02.562Z - GET /api/officeslist
2025-10-16T06:43:07.828Z - GET /api/officeslist
2025-10-16T06:43:56.600Z - GET /api/officeslist
2025-10-16T06:44:58.657Z - GET /api/officeslist
2025-10-16T06:45:33.080Z - GET /api/officeslist
2025-10-16T06:46:08.515Z - GET /api/officeslist
2025-10-16T06:46:16.043Z - POST /api/offices
2025-10-16T06:46:28.730Z - GET /api/officeslist
2025-10-16T06:47:16.664Z - GET /api/officeslist
2025-10-16T06:47:34.776Z - GET /api/officeslist
2025-10-16T06:48:04.129Z - GET /api/officeslist
2025-10-16T06:49:13.752Z - GET /office/api/officeslist
2025-10-16T06:49:51.137Z - GET /office/hardware/api/hardware
2025-10-16T06:52:22.590Z - GET /office/hardware/api/hardware/1
2025-10-16T06:52:57.496Z - GET /hardware/api/hardware/1
2025-10-16T06:54:33.124Z - POST /hardware/api/hardware-item-add
2025-10-16T06:54:37.273Z - GET /hardware/api/hardware/1
2025-10-16T06:54:42.240Z - GET /hardware/api/hardware/4
2025-10-16T06:54:46.357Z - GET /hardware/api/hardware/3
2025-10-16T07:38:34.077Z - GET /hardware/api/transfer
2025-10-16T07:39:11.630Z - GET /hardware/api/all-transfer
2025-10-16T07:39:21.480Z - GET /all-transfer
2025-10-16T07:39:58.498Z - GET /transfer/api/all-transfer
2025-10-16T07:40:24.288Z - GET /transfer/api/all-transfer
2025-10-16T07:41:19.259Z - GET /transfer/api/all-transfer
2025-10-16T07:42:46.336Z - GET /transfer/api/all-transfer
2025-10-16T07:43:14.702Z - GET /transfer/api/all-transfer
2025-10-16T07:43:41.760Z - POST /create
2025-10-16T07:43:56.072Z - POST /transfer/api/create
2025-10-16T07:44:02.324Z - POST /transfer/api/create
2025-10-16T07:45:04.226Z - POST /transfer/api/create
2025-10-16T07:45:33.488Z - POST /transfer/api/create
2025-10-16T07:46:18.184Z - POST /transfer/api/create
2025-10-16T07:46:54.215Z - POST /transfer/api/create
2025-10-16T07:48:04.706Z - POST /transfer/api/create
2025-10-16T07:51:02.627Z - POST /transfer/api/create
2025-10-16T07:51:56.925Z - POST /transfer/api/create
2025-10-16T07:52:59.475Z - GET /transfer/api/all-transfer
2025-10-16T08:04:17.844Z - GET /transfer/api/all-transfer
2025-10-16T08:06:08.790Z - POST /api/transfers/1/status
2025-10-16T08:06:13.874Z - PUT /api/transfers/1/status
2025-10-16T08:06:53.246Z - PUT /transfer/api/1/status
2025-10-16T08:07:34.331Z - POST /repair/assign
2025-10-16T08:08:47.826Z - POST /repair/api/submit
2025-10-16T08:08:54.770Z - POST /repair/api/submit
2025-10-16T08:28:53.872Z - POST /repair/api/submit
2025-10-19T04:22:27.904Z - POST /api/users/create-user
2025-10-19T04:23:28.490Z - POST /api/users/create-user
2025-10-19T04:24:47.024Z - POST /api/users/create-user
2025-10-19T04:26:38.688Z - GET /api/users/create-user
2025-10-19T04:26:49.167Z - GET /api/users/create-user
2025-10-19T04:29:35.533Z - GET /api/users/create-user
2025-10-19T04:29:46.174Z - GET /api/users/all-users
2025-10-19T04:38:34.522Z - GET /api/users/all-users
2025-10-19T04:40:15.259Z - GET /api/users/all-users
2025-10-19T09:02:00.556Z - GET /api/users/all-users
2025-10-19T09:03:40.211Z - POST /api/users/create-user
2025-10-19T09:04:34.135Z - POST /api/users/create-user
2025-10-19T09:06:20.191Z - POST /api/users/create-user
2025-10-19T09:06:36.071Z - POST /api/users/create-user
2025-10-19T09:06:58.549Z - GET /api/users/all-users
2025-10-19T09:08:08.188Z - GET /api/users/single-user/7
2025-10-19T09:08:30.495Z - GET /api/users/single-user/7
2025-10-19T09:08:44.161Z - GET /api/users/single-user/7
2025-10-19T09:09:37.944Z - GET /api/users/single-user/7
2025-10-19T09:12:34.119Z - PUT /api/update-user/7
2025-10-19T09:12:42.371Z - PUT /api/users/update-user/7
2025-10-19T09:13:31.604Z - PUT /api/users/update-user/7
2025-10-19T09:15:35.879Z - POST /api/users/login
2025-10-19T09:15:44.453Z - POST /api/users/login
2025-10-19T09:15:51.788Z - POST /api/users/login
2025-10-19T09:29:36.852Z - POST /api-branch/create-branch
2025-10-19T09:30:01.268Z - POST /api/branch/create-branch
2025-10-19T09:30:21.036Z - POST /api/branch/create-branches
2025-10-19T09:30:54.896Z - GET /api/branch/all-branches
2025-10-19T09:48:07.072Z - POST /api/users/create-user
2025-10-19T09:48:12.021Z - POST /api/users/create-user
2025-10-19T09:48:46.991Z - POST /api/hardware-req/hardware-requests
2025-10-19T11:03:28.988Z - GET /api/hardware/hardware-requests-list
2025-10-19T11:04:09.527Z - GET /api/hardware-req/hardware-requests-list
2025-10-19T11:06:06.680Z - GET /api/hardware-req/hardware-requests-list
2025-10-19T11:13:46.204Z - POST /api/eng-asssign/assignments
2025-10-19T11:14:41.894Z - POST /api/eng-assign/assignments
2025-10-19T11:15:41.267Z - POST /api/users/create-user
2025-10-19T11:15:56.773Z - POST /api/eng-assign/assignments
2025-10-19T11:16:57.474Z - POST /api/eng-assign/assignments
2025-10-19T11:18:56.245Z - POST /api/eng-assign/assignments
2025-10-19T11:24:15.105Z - POST /api/hardware-eng/engineers-add
2025-10-19T11:24:18.824Z - POST /api/hardware-eng/engineers-add
2025-10-19T11:24:48.981Z - POST /api/eng-assign/assignments
2025-10-19T11:53:27.406Z - GET /api/users/single-user/
2025-10-19T11:53:32.445Z - GET /api/users/single-user
2025-10-19T11:53:36.820Z - GET /api/users/single-user/7
